This file contains any messages produced by compilers while
running configure, to aid debugging if configure makes a mistake.

It was created by s1 configure 0.01, which was
generated by GNU Autoconf 2.69.  Invocation command line was

  $ ./configure 

## --------- ##
## Platform. ##
## --------- ##

hostname = dhcp-10-154-141-32.cisco.com
uname -m = x86_64
uname -r = 18.7.0
uname -s = Darwin
uname -v = Darwin Kernel Version 18.7.0: Thu Jan 23 06:52:12 PST 2020; root:xnu-4903.278.25~1/RELEASE_X86_64

/usr/bin/uname -p = i386
/bin/uname -X     = unknown

/bin/arch              = unknown
/usr/bin/arch -k       = unknown
/usr/convex/getsysinfo = unknown
/usr/bin/hostinfo      = Mach kernel version:
	 Darwin Kernel Version 18.7.0: Thu Jan 23 06:52:12 PST 2020; root:xnu-4903.278.25~1/RELEASE_X86_64
Kernel configured for up to 6 processors.
6 processors are physically available.
6 processors are logically available.
Processor type: x86_64h (Intel x86-64h Haswell)
Processors active: 0 1 2 3 4 5
Primary memory available: 32.00 gigabytes
Default processor set: 393 tasks, 1523 threads, 6 processors
Load average: 0.62, Mach factor: 5.37
/bin/machine           = unknown
/usr/bin/oslevel       = unknown
/bin/universe          = unknown

PATH: /Library/Frameworks/Python.framework/Versions/3.7/bin
PATH: /usr/local/bin
PATH: /usr/bin
PATH: /bin
PATH: /usr/sbin
PATH: /sbin


## ----------- ##
## Core tests. ##
## ----------- ##

configure:1833: checking for a BSD-compatible install
configure:1901: result: /usr/bin/install -c
configure:1912: checking whether build environment is sane
configure:1967: result: yes
configure:2118: checking for a thread-safe mkdir -p
configure:2157: result: build-aux/install-sh -c -d
configure:2164: checking for gawk
configure:2194: result: no
configure:2164: checking for mawk
configure:2194: result: no
configure:2164: checking for nawk
configure:2194: result: no
configure:2164: checking for awk
configure:2180: found /usr/bin/awk
configure:2191: result: awk
configure:2202: checking whether make sets $(MAKE)
configure:2224: result: yes
configure:2253: checking whether make supports nested variables
configure:2270: result: yes
configure:2448: checking for gcc
configure:2464: found /usr/bin/gcc
configure:2475: result: gcc
configure:2704: checking for C compiler version
configure:2713: gcc --version >&5
Apple LLVM version 10.0.1 (clang-1001.0.46.4)
Target: x86_64-apple-darwin18.7.0
Thread model: posix
InstalledDir: /Library/Developer/CommandLineTools/usr/bin
Configured with: --prefix=/Library/Developer/CommandLineTools/usr --with-gxx-include-dir=/Library/Developer/CommandLineTools/SDKs/MacOSX10.14.sdk/usr/include/c++/4.2.1
configure:2724: $? = 0
configure:2713: gcc -v >&5
Configured with: --prefix=/Library/Developer/CommandLineTools/usr --with-gxx-include-dir=/Library/Developer/CommandLineTools/SDKs/MacOSX10.14.sdk/usr/include/c++/4.2.1
Apple LLVM version 10.0.1 (clang-1001.0.46.4)
Target: x86_64-apple-darwin18.7.0
Thread model: posix
InstalledDir: /Library/Developer/CommandLineTools/usr/bin
configure:2724: $? = 0
configure:2713: gcc -V >&5
clang: error: unsupported option '-V -Wno-atomic-implicit-seq-cst'
clang: error: no input files
configure:2724: $? = 1
configure:2713: gcc -qversion >&5
clang: error: unknown argument '-qversion', did you mean '--version'?
clang: error: no input files
configure:2724: $? = 1
configure:2744: checking whether the C compiler works
configure:2766: gcc    conftest.c  >&5
configure:2770: $? = 0
configure:2818: result: yes
configure:2821: checking for C compiler default output file name
configure:2823: result: a.out
configure:2829: checking for suffix of executables
configure:2836: gcc -o conftest    conftest.c  >&5
configure:2840: $? = 0
configure:2862: result: 
configure:2884: checking whether we are cross compiling
configure:2892: gcc -o conftest    conftest.c  >&5
configure:2896: $? = 0
configure:2903: ./conftest
configure:2907: $? = 0
configure:2922: result: no
configure:2927: checking for suffix of object files
configure:2949: gcc -c   conftest.c >&5
configure:2953: $? = 0
configure:2974: result: o
configure:2978: checking whether we are using the GNU C compiler
configure:2997: gcc -c   conftest.c >&5
configure:2997: $? = 0
configure:3006: result: yes
configure:3015: checking whether gcc accepts -g
configure:3035: gcc -c -g  conftest.c >&5
configure:3035: $? = 0
configure:3076: result: yes
configure:3093: checking for gcc option to accept ISO C89
configure:3156: gcc  -c -g -O2  conftest.c >&5
configure:3156: $? = 0
configure:3169: result: none needed
configure:3194: checking whether gcc understands -c and -o together
configure:3216: gcc -c conftest.c -o conftest2.o
configure:3219: $? = 0
configure:3216: gcc -c conftest.c -o conftest2.o
configure:3219: $? = 0
configure:3231: result: yes
configure:3251: checking whether make supports the include directive
configure:3266: make -f confmf.GNU && cat confinc.out
this is the am__doit target
configure:3269: $? = 0
configure:3288: result: yes (GNU style)
configure:3313: checking dependency style of gcc
configure:3424: result: gcc3
configure:3549: checking that generated files are newer than configure
configure:3555: result: done
configure:3578: creating ./config.status

## ---------------------- ##
## Running config.status. ##
## ---------------------- ##

This file was extended by s1 config.status 0.01, which was
generated by GNU Autoconf 2.69.  Invocation command line was

  CONFIG_FILES    = 
  CONFIG_HEADERS  = 
  CONFIG_LINKS    = 
  CONFIG_COMMANDS = 
  $ ./config.status 

on dhcp-10-154-141-32.cisco.com

config.status:839: creating Makefile
config.status:839: creating config.h
config.status:1068: executing depfiles commands
config.status:1145: cd .       && sed -e '/# am--include-marker/d' Makefile         | make -f - am--depfiles
config.status:1150: $? = 0

## ---------------- ##
## Cache variables. ##
## ---------------- ##

ac_cv_c_compiler_gnu=yes
ac_cv_env_CC_set=
ac_cv_env_CC_value=
ac_cv_env_CFLAGS_set=
ac_cv_env_CFLAGS_value=
ac_cv_env_CPPFLAGS_set=
ac_cv_env_CPPFLAGS_value=
ac_cv_env_LDFLAGS_set=
ac_cv_env_LDFLAGS_value=
ac_cv_env_LIBS_set=
ac_cv_env_LIBS_value=
ac_cv_env_build_alias_set=
ac_cv_env_build_alias_value=
ac_cv_env_host_alias_set=
ac_cv_env_host_alias_value=
ac_cv_env_target_alias_set=
ac_cv_env_target_alias_value=
ac_cv_objext=o
ac_cv_path_install='/usr/bin/install -c'
ac_cv_prog_AWK=awk
ac_cv_prog_ac_ct_CC=gcc
ac_cv_prog_cc_c89=
ac_cv_prog_cc_g=yes
ac_cv_prog_make_make_set=yes
am_cv_CC_dependencies_compiler_type=gcc3
am_cv_make_support_nested_variables=yes
am_cv_prog_cc_c_o=yes

## ----------------- ##
## Output variables. ##
## ----------------- ##

ACLOCAL='${SHELL} /Users/summerfang/Documents/github/study/make/s1/build-aux/missing aclocal-1.16'
AMDEPBACKSLASH='\'
AMDEP_FALSE='#'
AMDEP_TRUE=''
AMTAR='$${TAR-tar}'
AM_BACKSLASH='\'
AM_DEFAULT_V='$(AM_DEFAULT_VERBOSITY)'
AM_DEFAULT_VERBOSITY='1'
AM_V='$(V)'
AUTOCONF='${SHELL} /Users/summerfang/Documents/github/study/make/s1/build-aux/missing autoconf'
AUTOHEADER='${SHELL} /Users/summerfang/Documents/github/study/make/s1/build-aux/missing autoheader'
AUTOMAKE='${SHELL} /Users/summerfang/Documents/github/study/make/s1/build-aux/missing automake-1.16'
AWK='awk'
CC='gcc'
CCDEPMODE='depmode=gcc3'
CFLAGS='-g -O2'
CPPFLAGS=''
CYGPATH_W='echo'
DEFS='-DHAVE_CONFIG_H'
DEPDIR='.deps'
ECHO_C='\c'
ECHO_N=''
ECHO_T=''
EXEEXT=''
INSTALL_DATA='${INSTALL} -m 644'
INSTALL_PROGRAM='${INSTALL}'
INSTALL_SCRIPT='${INSTALL}'
INSTALL_STRIP_PROGRAM='$(install_sh) -c -s'
LDFLAGS=''
LIBOBJS=''
LIBS=''
LTLIBOBJS=''
MAKEINFO='${SHELL} /Users/summerfang/Documents/github/study/make/s1/build-aux/missing makeinfo'
MKDIR_P='build-aux/install-sh -c -d'
OBJEXT='o'
PACKAGE='s1'
PACKAGE_BUGREPORT=''
PACKAGE_NAME='s1'
PACKAGE_STRING='s1 0.01'
PACKAGE_TARNAME='s1'
PACKAGE_URL=''
PACKAGE_VERSION='0.01'
PATH_SEPARATOR=':'
SET_MAKE=''
SHELL='/bin/sh'
STRIP=''
VERSION='0.01'
ac_ct_CC='gcc'
am__EXEEXT_FALSE=''
am__EXEEXT_TRUE='#'
am__fastdepCC_FALSE='#'
am__fastdepCC_TRUE=''
am__include='include'
am__isrc=''
am__leading_dot='.'
am__nodep='_no'
am__quote=''
am__tar='$${TAR-tar} chof - "$$tardir"'
am__untar='$${TAR-tar} xf -'
bindir='${exec_prefix}/bin'
build_alias=''
datadir='${datarootdir}'
datarootdir='${prefix}/share'
docdir='${datarootdir}/doc/${PACKAGE_TARNAME}'
dvidir='${docdir}'
exec_prefix='${prefix}'
host_alias=''
htmldir='${docdir}'
includedir='${prefix}/include'
infodir='${datarootdir}/info'
install_sh='${SHELL} /Users/summerfang/Documents/github/study/make/s1/build-aux/install-sh'
libdir='${exec_prefix}/lib'
libexecdir='${exec_prefix}/libexec'
localedir='${datarootdir}/locale'
localstatedir='${prefix}/var'
mandir='${datarootdir}/man'
mkdir_p='$(MKDIR_P)'
oldincludedir='/usr/include'
pdfdir='${docdir}'
prefix='/usr/local'
program_transform_name='s,x,x,'
psdir='${docdir}'
sbindir='${exec_prefix}/sbin'
sharedstatedir='${prefix}/com'
sysconfdir='${prefix}/etc'
target_alias=''

## ----------- ##
## confdefs.h. ##
## ----------- ##

/* confdefs.h */
#define PACKAGE_NAME "s1"
#define PACKAGE_TARNAME "s1"
#define PACKAGE_VERSION "0.01"
#define PACKAGE_STRING "s1 0.01"
#define PACKAGE_BUGREPORT ""
#define PACKAGE_URL ""
#define PACKAGE "s1"
#define VERSION "0.01"

configure: exit 0

## ---------------------- ##
## Running config.status. ##
## ---------------------- ##

This file was extended by s1 config.status 0.01, which was
generated by GNU Autoconf 2.69.  Invocation command line was

  CONFIG_FILES    = 
  CONFIG_HEADERS  = 
  CONFIG_LINKS    = 
  CONFIG_COMMANDS = 
  $ ./config.status config.h

on dhcp-10-154-141-32.cisco.com

config.status:839: creating config.h
config.status:1020: config.h is unchanged
